<?xml version="1.0" encoding="UTF-8"?>
<testng-results ignored="1" total="2" passed="1" failed="0" skipped="0">
  <reporter-output>
  </reporter-output>
  <suite started-at="2023-11-03T14:53:03 IST" name="Suite" finished-at="2023-11-03T14:54:04 IST" duration-ms="61196">
    <groups>
    </groups>
    <test started-at="2023-11-03T14:53:03 IST" name="Test" finished-at="2023-11-03T14:54:04 IST" duration-ms="61196">
      <class name="login.DWS_Register_02_Test">
        <test-method is-config="true" signature="launchingBrowserAndNavigateToApp()[pri:0, instance:login.DWS_Register_02_Test@6bd61f98]" started-at="2023-11-03T14:53:05 IST" name="launchingBrowserAndNavigateToApp" finished-at="2023-11-03T14:53:50 IST" duration-ms="44855" status="PASS">
          <reporter-output>
          </reporter-output>
        </test-method> <!-- launchingBrowserAndNavigateToApp -->
        <test-method is-config="true" signature="loginToApplication()[pri:0, instance:login.DWS_Register_02_Test@6bd61f98]" started-at="2023-11-03T14:53:50 IST" name="loginToApplication" finished-at="2023-11-03T14:53:51 IST" duration-ms="1206" status="PASS">
          <reporter-output>
          </reporter-output>
        </test-method> <!-- loginToApplication -->
        <test-method signature="Register_using_credentials()[pri:0, instance:login.DWS_Register_02_Test@6bd61f98]" started-at="2023-11-03T14:53:51 IST" name="Register_using_credentials" finished-at="2023-11-03T14:54:01 IST" duration-ms="9803" status="PASS">
          <reporter-output>
          </reporter-output>
        </test-method> <!-- Register_using_credentials -->
        <test-method is-config="true" signature="logoutFromApplication()[pri:0, instance:login.DWS_Register_02_Test@6bd61f98]" started-at="2023-11-03T14:54:01 IST" name="logoutFromApplication" finished-at="2023-11-03T14:54:01 IST" duration-ms="2" status="PASS">
          <reporter-output>
          </reporter-output>
        </test-method> <!-- logoutFromApplication -->
        <test-method is-config="true" signature="teardownTheBrowser()[pri:0, instance:login.DWS_Register_02_Test@6bd61f98]" started-at="2023-11-03T14:54:01 IST" name="teardownTheBrowser" finished-at="2023-11-03T14:54:04 IST" duration-ms="3208" status="PASS">
          <reporter-output>
          </reporter-output>
        </test-method> <!-- teardownTheBrowser -->
      </class> <!-- login.DWS_Register_02_Test -->
    </test> <!-- Test -->
  </suite> <!-- Suite -->
</testng-results>
