<?xml version="1.0" encoding="UTF-8"?>
<!-- Generated by org.testng.reporters.JUnitXMLReporter -->
<testsuite ignored="1" hostname="DESKTOP-K5BIEO7" failures="0" tests="1" name="Test" time="61.196" errors="0" timestamp="2023-11-03T14:54:07 IST">
  <testcase classname="login.DWS_Register_02_Test" name="Register_using_credentials" time="9.803"/>
  <testcase classname="login.DWS_Login_01_test" name="Login_to_application_with_valid_credentials" time="0.0">
    <ignored/>
  </testcase> <!-- Login_to_application_with_valid_credentials -->
</testsuite> <!-- Test -->
